STAGE:2022-12-16 22:56:02 611739:611739 ActivityProfilerController.cpp:294] Completed Stage: Warm Up
STAGE:2022-12-16 22:56:02 611739:611739 ActivityProfilerController.cpp:300] Completed Stage: Collection
STAGE:2022-12-16 22:56:02 611739:611739 ActivityProfilerController.cpp:294] Completed Stage: Warm Up
STAGE:2022-12-16 22:56:02 611739:611739 ActivityProfilerController.cpp:300] Completed Stage: Collection
STAGE:2022-12-16 22:56:03 611739:611739 ActivityProfilerController.cpp:294] Completed Stage: Warm Up
STAGE:2022-12-16 22:56:03 611739:611739 ActivityProfilerController.cpp:300] Completed Stage: Collection
STAGE:2022-12-16 22:56:03 611739:611739 ActivityProfilerController.cpp:294] Completed Stage: Warm Up
STAGE:2022-12-16 22:56:03 611739:611739 ActivityProfilerController.cpp:300] Completed Stage: Collection
STAGE:2022-12-16 22:56:03 611739:611739 ActivityProfilerController.cpp:294] Completed Stage: Warm Up
STAGE:2022-12-16 22:56:03 611739:611739 ActivityProfilerController.cpp:300] Completed Stage: Collection
STAGE:2022-12-16 22:56:03 611739:611739 ActivityProfilerController.cpp:294] Completed Stage: Warm Up
STAGE:2022-12-16 22:56:03 611739:611739 ActivityProfilerController.cpp:300] Completed Stage: Collection
STAGE:2022-12-16 22:56:03 611739:611739 ActivityProfilerController.cpp:294] Completed Stage: Warm Up
STAGE:2022-12-16 22:56:03 611739:611739 ActivityProfilerController.cpp:300] Completed Stage: Collection
STAGE:2022-12-16 22:56:03 611739:611739 ActivityProfilerController.cpp:294] Completed Stage: Warm Up
STAGE:2022-12-16 22:56:03 611739:611739 ActivityProfilerController.cpp:300] Completed Stage: Collection
STAGE:2022-12-16 22:56:03 611739:611739 ActivityProfilerController.cpp:294] Completed Stage: Warm Up
STAGE:2022-12-16 22:56:03 611739:611739 ActivityProfilerController.cpp:300] Completed Stage: Collection
STAGE:2022-12-16 22:56:03 611739:611739 ActivityProfilerController.cpp:294] Completed Stage: Warm Up
STAGE:2022-12-16 22:56:03 611739:611739 ActivityProfilerController.cpp:300] Completed Stage: Collection
STAGE:2022-12-16 22:56:03 611739:611739 ActivityProfilerController.cpp:294] Completed Stage: Warm Up
STAGE:2022-12-16 22:56:03 611739:611739 ActivityProfilerController.cpp:300] Completed Stage: Collection
STAGE:2022-12-16 22:56:04 611739:611739 ActivityProfilerController.cpp:294] Completed Stage: Warm Up
STAGE:2022-12-16 22:56:04 611739:611739 ActivityProfilerController.cpp:300] Completed Stage: Collection
STAGE:2022-12-16 22:56:04 611739:611739 ActivityProfilerController.cpp:294] Completed Stage: Warm Up
STAGE:2022-12-16 22:56:04 611739:611739 ActivityProfilerController.cpp:300] Completed Stage: Collection
STAGE:2022-12-16 22:56:04 611739:611739 ActivityProfilerController.cpp:294] Completed Stage: Warm Up
STAGE:2022-12-16 22:56:04 611739:611739 ActivityProfilerController.cpp:300] Completed Stage: Collection
STAGE:2022-12-16 22:56:04 611739:611739 ActivityProfilerController.cpp:294] Completed Stage: Warm Up
STAGE:2022-12-16 22:56:04 611739:611739 ActivityProfilerController.cpp:300] Completed Stage: Collection
STAGE:2022-12-16 22:56:04 611739:611739 ActivityProfilerController.cpp:294] Completed Stage: Warm Up
STAGE:2022-12-16 22:56:04 611739:611739 ActivityProfilerController.cpp:300] Completed Stage: Collection
STAGE:2022-12-16 22:56:04 611739:611739 ActivityProfilerController.cpp:294] Completed Stage: Warm Up
STAGE:2022-12-16 22:56:04 611739:611739 ActivityProfilerController.cpp:300] Completed Stage: Collection
STAGE:2022-12-16 22:56:04 611739:611739 ActivityProfilerController.cpp:294] Completed Stage: Warm Up
STAGE:2022-12-16 22:56:04 611739:611739 ActivityProfilerController.cpp:300] Completed Stage: Collection
STAGE:2022-12-16 22:56:04 611739:611739 ActivityProfilerController.cpp:294] Completed Stage: Warm Up
STAGE:2022-12-16 22:56:04 611739:611739 ActivityProfilerController.cpp:300] Completed Stage: Collection
STAGE:2022-12-16 22:56:04 611739:611739 ActivityProfilerController.cpp:294] Completed Stage: Warm Up
STAGE:2022-12-16 22:56:04 611739:611739 ActivityProfilerController.cpp:300] Completed Stage: Collection
STAGE:2022-12-16 22:56:04 611739:611739 ActivityProfilerController.cpp:294] Completed Stage: Warm Up
STAGE:2022-12-16 22:56:04 611739:611739 ActivityProfilerController.cpp:300] Completed Stage: Collection
STAGE:2022-12-16 22:56:04 611739:611739 ActivityProfilerController.cpp:294] Completed Stage: Warm Up
STAGE:2022-12-16 22:56:04 611739:611739 ActivityProfilerController.cpp:300] Completed Stage: Collection
STAGE:2022-12-16 22:56:04 611739:611739 ActivityProfilerController.cpp:294] Completed Stage: Warm Up
STAGE:2022-12-16 22:56:04 611739:611739 ActivityProfilerController.cpp:300] Completed Stage: Collection
STAGE:2022-12-16 22:56:04 611739:611739 ActivityProfilerController.cpp:294] Completed Stage: Warm Up
STAGE:2022-12-16 22:56:04 611739:611739 ActivityProfilerController.cpp:300] Completed Stage: Collection
STAGE:2022-12-16 22:56:04 611739:611739 ActivityProfilerController.cpp:294] Completed Stage: Warm Up
STAGE:2022-12-16 22:56:04 611739:611739 ActivityProfilerController.cpp:300] Completed Stage: Collection
STAGE:2022-12-16 22:56:04 611739:611739 ActivityProfilerController.cpp:294] Completed Stage: Warm Up
STAGE:2022-12-16 22:56:04 611739:611739 ActivityProfilerController.cpp:300] Completed Stage: Collection
STAGE:2022-12-16 22:56:04 611739:611739 ActivityProfilerController.cpp:294] Completed Stage: Warm Up
STAGE:2022-12-16 22:56:04 611739:611739 ActivityProfilerController.cpp:300] Completed Stage: Collection
STAGE:2022-12-16 22:56:04 611739:611739 ActivityProfilerController.cpp:294] Completed Stage: Warm Up
STAGE:2022-12-16 22:56:04 611739:611739 ActivityProfilerController.cpp:300] Completed Stage: Collection
STAGE:2022-12-16 22:56:04 611739:611739 ActivityProfilerController.cpp:294] Completed Stage: Warm Up
STAGE:2022-12-16 22:56:04 611739:611739 ActivityProfilerController.cpp:300] Completed Stage: Collection
STAGE:2022-12-16 22:56:05 611739:611739 ActivityProfilerController.cpp:294] Completed Stage: Warm Up
STAGE:2022-12-16 22:56:05 611739:611739 ActivityProfilerController.cpp:300] Completed Stage: Collection
STAGE:2022-12-16 22:56:05 611739:611739 ActivityProfilerController.cpp:294] Completed Stage: Warm Up
STAGE:2022-12-16 22:56:05 611739:611739 ActivityProfilerController.cpp:300] Completed Stage: Collection
STAGE:2022-12-16 22:56:05 611739:611739 ActivityProfilerController.cpp:294] Completed Stage: Warm Up
STAGE:2022-12-16 22:56:05 611739:611739 ActivityProfilerController.cpp:300] Completed Stage: Collection
STAGE:2022-12-16 22:56:05 611739:611739 ActivityProfilerController.cpp:294] Completed Stage: Warm Up
STAGE:2022-12-16 22:56:05 611739:611739 ActivityProfilerController.cpp:300] Completed Stage: Collection
STAGE:2022-12-16 22:56:05 611739:611739 ActivityProfilerController.cpp:294] Completed Stage: Warm Up
STAGE:2022-12-16 22:56:05 611739:611739 ActivityProfilerController.cpp:300] Completed Stage: Collection
STAGE:2022-12-16 22:56:05 611739:611739 ActivityProfilerController.cpp:294] Completed Stage: Warm Up
STAGE:2022-12-16 22:56:05 611739:611739 ActivityProfilerController.cpp:300] Completed Stage: Collection
STAGE:2022-12-16 22:56:05 611739:611739 ActivityProfilerController.cpp:294] Completed Stage: Warm Up
STAGE:2022-12-16 22:56:05 611739:611739 ActivityProfilerController.cpp:300] Completed Stage: Collection
STAGE:2022-12-16 22:56:05 611739:611739 ActivityProfilerController.cpp:294] Completed Stage: Warm Up
STAGE:2022-12-16 22:56:05 611739:611739 ActivityProfilerController.cpp:300] Completed Stage: Collection
STAGE:2022-12-16 22:56:05 611739:611739 ActivityProfilerController.cpp:294] Completed Stage: Warm Up
STAGE:2022-12-16 22:56:05 611739:611739 ActivityProfilerController.cpp:300] Completed Stage: Collection
STAGE:2022-12-16 22:56:06 611739:611739 ActivityProfilerController.cpp:294] Completed Stage: Warm Up
STAGE:2022-12-16 22:56:06 611739:611739 ActivityProfilerController.cpp:300] Completed Stage: Collection
STAGE:2022-12-16 22:56:06 611739:611739 ActivityProfilerController.cpp:294] Completed Stage: Warm Up
STAGE:2022-12-16 22:56:06 611739:611739 ActivityProfilerController.cpp:300] Completed Stage: Collection
STAGE:2022-12-16 22:56:06 611739:611739 ActivityProfilerController.cpp:294] Completed Stage: Warm Up
STAGE:2022-12-16 22:56:06 611739:611739 ActivityProfilerController.cpp:300] Completed Stage: Collection
STAGE:2022-12-16 22:56:06 611739:611739 ActivityProfilerController.cpp:294] Completed Stage: Warm Up
STAGE:2022-12-16 22:56:06 611739:611739 ActivityProfilerController.cpp:300] Completed Stage: Collection
/workspace/nf/pytorch/torch/profiler/profiler.py:250: UserWarning: Profiler won't be using warmup, this can skew profiler results
  warn("Profiler won't be using warmup, this can skew profiler results")
shape= 108 x 10240 bw_eager= 148.9 bw_apex= 496.2 bw_fuser= 235.0 GB/s, ratio= 1.58 0.47, fuser_time= 19 micro-sec
shape= 756 x 10240 bw_eager= 756.4 bw_apex= 1240.5 bw_fuser= 912.1 GB/s, ratio= 1.21 0.74, fuser_time= 34 micro-sec
shape= 4320 x 10240 bw_eager= 922.0 bw_apex= 1500.2 bw_fuser= 1372.3 GB/s, ratio= 1.49 0.91, fuser_time= 129 micro-sec
shape= 8640 x 10240 bw_eager= 910.0 bw_apex= 1525.9 bw_fuser= 1468.9 GB/s, ratio= 1.61 0.96, fuser_time= 241 micro-sec
shape= 16384 x 10240 bw_eager= 937.5 bw_apex= 1452.9 bw_fuser= 1462.4 GB/s, ratio= 1.56 1.01, fuser_time= 459 micro-sec
shape= 32768 x 10240 bw_eager= 955502.1 bw_apex= 1473.6 bw_fuser= 1500.0 GB/s, ratio= 0.00 1.02, fuser_time= 895 micro-sec
shape= 2048 x 768 bw_eager= 450.8 bw_apex= 701.2 bw_fuser= 525.9 GB/s, ratio= 1.17 0.75, fuser_time= 12 micro-sec
shape= 2048 x 1024 bw_eager= 560.6 bw_apex= 934.3 bw_fuser= 646.9 GB/s, ratio= 1.15 0.69, fuser_time= 13 micro-sec
shape= 2048 x 2048 bw_eager= 763.7 bw_apex= 1292.4 bw_fuser= 933.4 GB/s, ratio= 1.22 0.72, fuser_time= 18 micro-sec
shape= 2048 x 4096 bw_eager= 933.0 bw_apex= 1399.5 bw_fuser= 1119.6 GB/s, ratio= 1.20 0.80, fuser_time= 30 micro-sec
shape= 2048 x 8192 bw_eager= 932.8 bw_apex= 1526.3 bw_fuser= 1221.1 GB/s, ratio= 1.31 0.80, fuser_time= 55 micro-sec
shape= 2048 x 10240 bw_eager= 883.6 bw_apex= 1583.8 bw_fuser= 1199.2 GB/s, ratio= 1.36 0.76, fuser_time= 70 micro-sec
shape= 2048 x 20480 bw_eager= 856.5 bw_apex= 1262.2 bw_fuser= 1376.0 GB/s, ratio= 1.61 1.09, fuser_time= 122 micro-sec
shape= 2048 x 40960 bw_eager= 856.4 bw_apex= 1220.8 bw_fuser= 1296.2 GB/s, ratio= 1.51 1.06, fuser_time= 259 micro-sec
