The number of inputs is very large. NvFuserScheduler_TIMM_BatchNorm_nhwc_fp16___GRAPH/NvFuserScheduler_TIMM_BatchNorm_nhwc_fp16 will be repeated at least 270 times.
The number of inputs is very large. NvFuserScheduler_TIMM_BatchNorm_nhwc_fp16___GRAPH/NvFuserScheduler_TIMM_BatchNorm_nhwc_fp16 will be repeated at least 120 times.
The number of inputs is very large. NvFuserScheduler_TIMM_BatchNorm_nhwc_BWD_fp16___GRAPH/NvFuserScheduler_TIMM_BatchNorm_nhwc_BWD_fp16 will be repeated at least 270 times.
The number of inputs is very large. NvFuserScheduler_TIMM_BatchNorm_nhwc_BWD_fp16___GRAPH/NvFuserScheduler_TIMM_BatchNorm_nhwc_BWD_fp16 will be repeated at least 120 times.
2023-01-06T14:13:14+00:00
Running ./bin/nvfuser_bench
Run on (64 X 3500 MHz CPU s)
CPU Caches:
  L1 Data 32 KiB (x32)
  L1 Instruction 32 KiB (x32)
  L2 Unified 512 KiB (x32)
  L3 Unified 16384 KiB (x8)
Load Average: 0.79, 0.60, 0.55
***WARNING*** CPU scaling is enabled, the benchmark real time measurements may be noisy and will incur extra overhead.
try to TranslateApplicableWelford
segmented fusion: isValidPersistentFusion= 0
welford has been translated= 0
-----------------------------------------------------------------------------------------------------------------------------------------------------------------------------
Benchmark                                                                                                                   Time             CPU   Iterations UserCounters...
-----------------------------------------------------------------------------------------------------------------------------------------------------------------------------
NvFuserScheduler_BatchNorm_n512hw32c8_fp16___GRAPH/NvFuserScheduler_BatchNorm_n512hw32c8_fp16/512/32/8/manual_time       30.5 us          102 us         4591 bytes_per_second=128.012G/s
